<?xml version="1.0" encoding="UTF-8"?>
<!-- Generated by org.testng.reporters.JUnitReportReporter -->
<testsuite hostname="LAPTOP-PSK043T1" failures="0" tests="3" name="com.practice.app.test.AppTest" time="0.007" errors="0" timestamp="2024-10-13T19:53:15 CST" skipped="0">
  <testcase classname="com.practice.app.test.AppTest" name="testMethod01" time="0.005"/>
  <testcase classname="com.practice.app.test.AppTest" name="testMethod02" time="0.001"/>
  <testcase classname="com.practice.app.test.AppTest" name="testMethod03" time="0.001"/>
</testsuite> <!-- com.practice.app.test.AppTest -->
